<?xml version="1.0" encoding="UTF-8"?>
<testsuite xmlns:xsi="http://www.w3.org/2001/XMLSchema-instance" xsi:noNamespaceSchemaLocation="https://maven.apache.org/surefire/maven-surefire-plugin/xsd/surefire-test-report.xsd" name="Login Feature File" time="170.803" tests="4" errors="0" skipped="0" failures="1">
  <properties>
[...]
</properties>
  <testcase name="Login scenario test for facebook" classname="Login Feature File" time="63.937"/>
  <testcase name="Login fail test for facebook" classname="Login Feature File" time="57.034">
    <failure message="expected:&lt;Login failed&gt; but was:&lt;false&gt;" type="java.lang.AssertionError"><![CDATA[java.lang.AssertionError: expected:<Login failed> but was:<false>
]]></failure>
    <system-out><![CDATA[<<<<<<<<<<<<< Login Fail step definition>>>>>>>
]]></system-out>
    <system-err><![CDATA[Starting ChromeDriver 85.0.4183.87 (cd6713ebf92fa1cacc0f1a598df280093af0c5d7-refs/branch-heads/4183@{#1689}) on port 15504
Only local connections are allowed.
Please see https://chromedriver.chromium.org/security-considerations for suggestions on keeping ChromeDriver safe.
ChromeDriver was started successfully.
[1599557172.355][WARNING]: Timed out connecting to Chrome, retrying...
Sep 08, 2020 2:56:15 PM org.openqa.selenium.remote.ProtocolHandshake createSession
INFO: Detected dialect: W3C
]]></system-err>
  </testcase>
  <testcase name="Login functionality for a social networking site." classname="Login Feature File" time="55.6"/>
  <testcase name="Login functionality for a social networking site." classname="Login Feature File" time="58.16"/>
</testsuite>